 28-06-26,00:00:36,Ch6,T. OVER
 28-06-26,00:01:36,Ch6,T. OVER
 28-06-26,00:02:36,Ch6,T. OVER
 28-06-26,00:03:36,Ch6,T. OVER
 28-06-26,00:04:36,Ch6,T. OVER
 28-06-26,00:05:36,Ch6,T. OVER
 28-06-26,00:06:37,Ch6,T. OVER
 28-06-26,00:07:37,Ch6,T. OVER
 28-06-26,00:08:37,Ch6,T. OVER
 28-06-26,00:09:37,Ch6,T. OVER
 28-06-26,00:10:37,Ch6,T. OVER
 28-06-26,00:11:37,Ch6,T. OVER
 28-06-26,00:12:37,Ch6,T. OVER
 28-06-26,00:13:37,Ch6,T. OVER
 28-06-26,00:14:37,Ch6,T. OVER
 28-06-26,00:15:37,Ch6,T. OVER
 28-06-26,00:16:37,Ch6,T. OVER
 28-06-26,00:17:38,Ch6,T. OVER
 28-06-26,00:18:38,Ch6,T. OVER
 28-06-26,00:19:38,Ch6,T. OVER
 28-06-26,00:20:38,Ch6,T. OVER
 28-06-26,00:21:38,Ch6,T. OVER
 28-06-26,00:22:38,Ch6,T. OVER
 28-06-26,00:23:38,Ch6,T. OVER
 28-06-26,00:24:38,Ch6,T. OVER
 28-06-26,00:25:38,Ch6,T. OVER
 28-06-26,00:26:38,Ch6,T. OVER
 28-06-26,00:27:38,Ch6,T. OVER
 28-06-26,00:28:38,Ch6,T. OVER
 28-06-26,00:29:38,Ch6,T. OVER
 28-06-26,00:30:38,Ch6,T. OVER
 28-06-26,00:31:38,Ch6,T. OVER
 28-06-26,00:32:38,Ch6,T. OVER
 28-06-26,00:33:39,Ch6,T. OVER
 28-06-26,00:34:39,Ch6,T. OVER
 28-06-26,00:35:39,Ch6,T. OVER
 28-06-26,00:36:39,Ch6,T. OVER
 28-06-26,00:37:39,Ch6,T. OVER
 28-06-26,00:38:39,Ch6,T. OVER
 28-06-26,00:39:39,Ch6,T. OVER
 28-06-26,00:40:39,Ch6,T. OVER
 28-06-26,00:41:39,Ch6,T. OVER
 28-06-26,00:42:39,Ch6,T. OVER
 28-06-26,00:43:39,Ch6,T. OVER
 28-06-26,00:44:39,Ch6,T. OVER
 28-06-26,00:45:39,Ch6,T. OVER
 28-06-26,00:46:39,Ch6,T. OVER
 28-06-26,00:47:40,Ch6,T. OVER
 28-06-26,00:48:40,Ch6,T. OVER
 28-06-26,00:49:40,Ch6,T. OVER
 28-06-26,00:50:40,Ch6,T. OVER
 28-06-26,00:51:40,Ch6,T. OVER
 28-06-26,00:52:40,Ch6,T. OVER
 28-06-26,00:53:40,Ch6,T. OVER
 28-06-26,00:54:40,Ch6,T. OVER
 28-06-26,00:55:40,Ch6,T. OVER
 28-06-26,00:56:40,Ch6,T. OVER
 28-06-26,00:57:40,Ch6,T. OVER
 28-06-26,00:58:40,Ch6,T. OVER
 28-06-26,00:59:40,Ch6,T. OVER
 28-06-26,01:00:40,Ch6,T. OVER
 28-06-26,01:01:41,Ch6,T. OVER
 28-06-26,01:02:41,Ch6,T. OVER
 28-06-26,01:03:41,Ch6,T. OVER
 28-06-26,01:04:41,Ch6,T. OVER
 28-06-26,01:05:41,Ch6,T. OVER
 28-06-26,01:06:41,Ch6,T. OVER
 28-06-26,01:07:41,Ch6,T. OVER
 28-06-26,01:08:41,Ch6,T. OVER
 28-06-26,01:09:41,Ch6,T. OVER
 28-06-26,01:10:41,Ch6,T. OVER
 28-06-26,01:11:41,Ch6,T. OVER
 28-06-26,01:12:41,Ch6,T. OVER
 28-06-26,01:13:42,Ch6,T. OVER
 28-06-26,01:14:42,Ch6,T. OVER
 28-06-26,01:15:42,Ch6,T. OVER
 28-06-26,01:16:42,Ch6,T. OVER
 28-06-26,01:17:42,Ch6,T. OVER
 28-06-26,01:18:42,Ch6,T. OVER
 28-06-26,01:19:42,Ch6,T. OVER
 28-06-26,01:20:42,Ch6,T. OVER
 28-06-26,01:21:42,Ch6,T. OVER
 28-06-26,01:22:42,Ch6,T. OVER
 28-06-26,01:23:42,Ch6,T. OVER
 28-06-26,01:24:42,Ch6,T. OVER
 28-06-26,01:25:42,Ch6,T. OVER
 28-06-26,01:26:42,Ch6,T. OVER
 28-06-26,01:27:42,Ch6,T. OVER
 28-06-26,01:28:42,Ch6,T. OVER
 28-06-26,01:29:42,Ch6,T. OVER
 28-06-26,01:30:43,Ch6,T. OVER
 28-06-26,01:31:43,Ch6,T. OVER
 28-06-26,01:32:43,Ch6,T. OVER
 28-06-26,01:33:43,Ch6,T. OVER
 28-06-26,01:34:43,Ch6,T. OVER
 28-06-26,01:35:43,Ch6,T. OVER
 28-06-26,01:36:43,Ch6,T. OVER
 28-06-26,01:37:43,Ch6,T. OVER
 28-06-26,01:38:43,Ch6,T. OVER
 28-06-26,01:39:43,Ch6,T. OVER
 28-06-26,01:40:43,Ch6,T. OVER
 28-06-26,01:41:43,Ch6,T. OVER
 28-06-26,01:42:43,Ch6,T. OVER
 28-06-26,01:43:43,Ch6,T. OVER
 28-06-26,01:44:43,Ch6,T. OVER
 28-06-26,01:45:43,Ch6,T. OVER
 28-06-26,01:46:43,Ch6,T. OVER
 28-06-26,01:47:44,Ch6,T. OVER
 28-06-26,01:48:44,Ch6,T. OVER
 28-06-26,01:49:44,Ch6,T. OVER
 28-06-26,01:50:44,Ch6,T. OVER
 28-06-26,01:51:44,Ch6,T. OVER
 28-06-26,01:52:44,Ch6,T. OVER
 28-06-26,01:53:44,Ch6,T. OVER
 28-06-26,01:54:44,Ch6,T. OVER
 28-06-26,01:55:44,Ch6,T. OVER
 28-06-26,01:56:44,Ch6,T. OVER
 28-06-26,01:57:44,Ch6,T. OVER
 28-06-26,01:58:44,Ch6,T. OVER
 28-06-26,01:59:44,Ch6,T. OVER
 28-06-26,02:00:44,Ch6,T. OVER
 28-06-26,02:01:44,Ch6,T. OVER
 28-06-26,02:02:45,Ch6,T. OVER
 28-06-26,02:03:45,Ch6,T. OVER
 28-06-26,02:04:45,Ch6,T. OVER
 28-06-26,02:05:45,Ch6,T. OVER
 28-06-26,02:06:45,Ch6,T. OVER
 28-06-26,02:07:45,Ch6,T. OVER
 28-06-26,02:08:45,Ch6,T. OVER
 28-06-26,02:09:45,Ch6,T. OVER
 28-06-26,02:10:45,Ch6,T. OVER
 28-06-26,02:11:45,Ch6,T. OVER
 28-06-26,02:12:45,Ch6,T. OVER
 28-06-26,02:13:45,Ch6,T. OVER
 28-06-26,02:14:45,Ch6,T. OVER
 28-06-26,02:15:45,Ch6,T. OVER
 28-06-26,02:16:46,Ch6,T. OVER
 28-06-26,02:17:46,Ch6,T. OVER
 28-06-26,02:18:46,Ch6,T. OVER
 28-06-26,02:19:46,Ch6,T. OVER
 28-06-26,02:20:46,Ch6,T. OVER
 28-06-26,02:21:46,Ch6,T. OVER
 28-06-26,02:22:46,Ch6,T. OVER
 28-06-26,02:23:46,Ch6,T. OVER
 28-06-26,02:24:46,Ch6,T. OVER
 28-06-26,02:25:46,Ch6,T. OVER
 28-06-26,02:26:46,Ch6,T. OVER
 28-06-26,02:27:46,Ch6,T. OVER
 28-06-26,02:28:46,Ch6,T. OVER
 28-06-26,02:29:47,Ch6,T. OVER
 28-06-26,02:30:47,Ch6,T. OVER
 28-06-26,02:31:47,Ch6,T. OVER
 28-06-26,02:32:47,Ch6,T. OVER
 28-06-26,02:33:47,Ch6,T. OVER
 28-06-26,02:34:47,Ch6,T. OVER
 28-06-26,02:35:47,Ch6,T. OVER
 28-06-26,02:36:47,Ch6,T. OVER
 28-06-26,02:37:47,Ch6,T. OVER
 28-06-26,02:38:47,Ch6,T. OVER
 28-06-26,02:39:47,Ch6,T. OVER
 28-06-26,02:40:48,Ch6,T. OVER
 28-06-26,02:41:48,Ch6,T. OVER
 28-06-26,02:42:48,Ch6,T. OVER
 28-06-26,02:43:48,Ch6,T. OVER
 28-06-26,02:44:48,Ch6,T. OVER
 28-06-26,02:45:48,Ch6,T. OVER
 28-06-26,02:46:48,Ch6,T. OVER
 28-06-26,02:47:48,Ch6,T. OVER
 28-06-26,02:48:48,Ch6,T. OVER
 28-06-26,02:49:49,Ch6,T. OVER
 28-06-26,02:50:49,Ch6,T. OVER
 28-06-26,02:51:49,Ch6,T. OVER
 28-06-26,02:52:49,Ch6,T. OVER
 28-06-26,02:53:49,Ch6,T. OVER
 28-06-26,02:54:49,Ch6,T. OVER
 28-06-26,02:55:49,Ch6,T. OVER
 28-06-26,02:56:49,Ch6,T. OVER
 28-06-26,02:57:49,Ch6,T. OVER
 28-06-26,02:58:49,Ch6,T. OVER
 28-06-26,02:59:49,Ch6,T. OVER
 28-06-26,03:00:49,Ch6,T. OVER
 28-06-26,03:01:49,Ch6,T. OVER
 28-06-26,03:02:49,Ch6,T. OVER
 28-06-26,03:03:49,Ch6,T. OVER
 28-06-26,03:04:50,Ch6,T. OVER
 28-06-26,03:05:50,Ch6,T. OVER
 28-06-26,03:06:50,Ch6,T. OVER
 28-06-26,03:07:50,Ch6,T. OVER
 28-06-26,03:08:50,Ch6,T. OVER
 28-06-26,03:09:50,Ch6,T. OVER
 28-06-26,03:10:50,Ch6,T. OVER
 28-06-26,03:11:50,Ch6,T. OVER
 28-06-26,03:12:51,Ch6,T. OVER
 28-06-26,03:13:51,Ch6,T. OVER
 28-06-26,03:14:51,Ch6,T. OVER
 28-06-26,03:15:51,Ch6,T. OVER
 28-06-26,03:16:51,Ch6,T. OVER
 28-06-26,03:17:51,Ch6,T. OVER
 28-06-26,03:18:51,Ch6,T. OVER
 28-06-26,03:19:51,Ch6,T. OVER
 28-06-26,03:20:51,Ch6,T. OVER
 28-06-26,03:21:51,Ch6,T. OVER
 28-06-26,03:22:51,Ch6,T. OVER
 28-06-26,03:23:51,Ch6,T. OVER
 28-06-26,03:24:51,Ch6,T. OVER
 28-06-26,03:25:51,Ch6,T. OVER
 28-06-26,03:26:52,Ch6,T. OVER
 28-06-26,03:27:52,Ch6,T. OVER
 28-06-26,03:28:52,Ch6,T. OVER
 28-06-26,03:29:52,Ch6,T. OVER
 28-06-26,03:30:52,Ch6,T. OVER
 28-06-26,03:31:52,Ch6,T. OVER
 28-06-26,03:32:52,Ch6,T. OVER
 28-06-26,03:33:52,Ch6,T. OVER
 28-06-26,03:34:52,Ch6,T. OVER
 28-06-26,03:35:52,Ch6,T. OVER
 28-06-26,03:36:52,Ch6,T. OVER
 28-06-26,03:37:52,Ch6,T. OVER
 28-06-26,03:38:52,Ch6,T. OVER
 28-06-26,03:39:53,Ch6,T. OVER
 28-06-26,03:40:53,Ch6,T. OVER
 28-06-26,03:41:53,Ch6,T. OVER
 28-06-26,03:42:53,Ch6,T. OVER
 28-06-26,03:43:53,Ch6,T. OVER
 28-06-26,03:44:53,Ch6,T. OVER
 28-06-26,03:45:53,Ch6,T. OVER
 28-06-26,03:46:53,Ch6,T. OVER
 28-06-26,03:47:53,Ch6,T. OVER
 28-06-26,03:48:53,Ch6,T. OVER
 28-06-26,03:49:53,Ch6,T. OVER
 28-06-26,03:50:53,Ch6,T. OVER
 28-06-26,03:51:53,Ch6,T. OVER
 28-06-26,03:52:53,Ch6,T. OVER
 28-06-26,03:53:54,Ch6,T. OVER
 28-06-26,03:54:54,Ch6,T. OVER
 28-06-26,03:55:54,Ch6,T. OVER
 28-06-26,03:56:54,Ch6,T. OVER
 28-06-26,03:57:54,Ch6,T. OVER
 28-06-26,03:58:54,Ch6,T. OVER
 28-06-26,03:59:54,Ch6,T. OVER
 28-06-26,04:00:54,Ch6,T. OVER
 28-06-26,04:01:54,Ch6,T. OVER
 28-06-26,04:02:54,Ch6,T. OVER
 28-06-26,04:03:54,Ch6,T. OVER
 28-06-26,04:04:55,Ch6,T. OVER
 28-06-26,04:05:55,Ch6,T. OVER
 28-06-26,04:06:55,Ch6,T. OVER
 28-06-26,04:07:55,Ch6,T. OVER
 28-06-26,04:08:55,Ch6,T. OVER
 28-06-26,04:09:55,Ch6,T. OVER
 28-06-26,04:10:55,Ch6,T. OVER
 28-06-26,04:11:55,Ch6,T. OVER
 28-06-26,04:12:55,Ch6,T. OVER
 28-06-26,04:13:55,Ch6,T. OVER
 28-06-26,04:14:55,Ch6,T. OVER
 28-06-26,04:15:55,Ch6,T. OVER
 28-06-26,04:16:55,Ch6,T. OVER
 28-06-26,04:17:55,Ch6,T. OVER
 28-06-26,04:18:56,Ch6,T. OVER
 28-06-26,04:19:56,Ch6,T. OVER
 28-06-26,04:20:56,Ch6,T. OVER
 28-06-26,04:21:56,Ch6,T. OVER
 28-06-26,04:22:56,Ch6,T. OVER
 28-06-26,04:23:56,Ch6,T. OVER
 28-06-26,04:24:56,Ch6,T. OVER
 28-06-26,04:25:56,Ch6,T. OVER
 28-06-26,04:26:56,Ch6,T. OVER
 28-06-26,04:27:56,Ch6,T. OVER
 28-06-26,04:28:56,Ch6,T. OVER
 28-06-26,04:29:56,Ch6,T. OVER
 28-06-26,04:30:56,Ch6,T. OVER
 28-06-26,04:31:57,Ch6,T. OVER
 28-06-26,04:32:57,Ch6,T. OVER
 28-06-26,04:33:57,Ch6,T. OVER
 28-06-26,04:34:57,Ch6,T. OVER
 28-06-26,04:35:57,Ch6,T. OVER
 28-06-26,04:36:57,Ch6,T. OVER
 28-06-26,04:37:57,Ch6,T. OVER
 28-06-26,04:38:57,Ch6,T. OVER
 28-06-26,04:39:57,Ch6,T. OVER
 28-06-26,04:40:57,Ch6,T. OVER
 28-06-26,04:41:57,Ch6,T. OVER
 28-06-26,04:42:57,Ch6,T. OVER
 28-06-26,04:43:57,Ch6,T. OVER
 28-06-26,04:44:57,Ch6,T. OVER
 28-06-26,04:45:58,Ch6,T. OVER
 28-06-26,04:46:58,Ch6,T. OVER
 28-06-26,04:47:58,Ch6,T. OVER
 28-06-26,04:48:58,Ch6,T. OVER
 28-06-26,04:49:58,Ch6,T. OVER
 28-06-26,04:50:58,Ch6,T. OVER
 28-06-26,04:51:58,Ch6,T. OVER
 28-06-26,04:52:58,Ch6,T. OVER
 28-06-26,04:53:58,Ch6,T. OVER
 28-06-26,04:54:58,Ch6,T. OVER
 28-06-26,04:55:58,Ch6,T. OVER
 28-06-26,04:56:58,Ch6,T. OVER
 28-06-26,04:57:58,Ch6,T. OVER
 28-06-26,04:58:59,Ch6,T. OVER
 28-06-26,04:59:59,Ch6,T. OVER
 28-06-26,05:00:59,Ch6,T. OVER
 28-06-26,05:01:59,Ch6,T. OVER
 28-06-26,05:02:59,Ch6,T. OVER
 28-06-26,05:03:59,Ch6,T. OVER
 28-06-26,05:04:59,Ch6,T. OVER
 28-06-26,05:05:59,Ch6,T. OVER
 28-06-26,05:06:59,Ch6,T. OVER
 28-06-26,05:07:59,Ch6,T. OVER
 28-06-26,05:08:59,Ch6,T. OVER
 28-06-26,05:09:59,Ch6,T. OVER
 28-06-26,05:10:59,Ch6,T. OVER
 28-06-26,05:11:59,Ch6,T. OVER
 28-06-26,05:12:59,Ch6,T. OVER
 28-06-26,05:13:59,Ch6,T. OVER
 28-06-26,05:14:59,Ch6,T. OVER
 28-06-26,05:15:59,Ch6,T. OVER
 28-06-26,05:16:59,Ch6,T. OVER
 28-06-26,05:17:59,Ch6,T. OVER
 28-06-26,05:19:00,Ch6,T. OVER
 28-06-26,05:20:00,Ch6,T. OVER
 28-06-26,05:21:00,Ch6,T. OVER
 28-06-26,05:22:00,Ch6,T. OVER
 28-06-26,05:23:00,Ch6,T. OVER
 28-06-26,05:24:00,Ch6,T. OVER
 28-06-26,05:25:00,Ch6,T. OVER
 28-06-26,05:26:00,Ch6,T. OVER
 28-06-26,05:27:00,Ch6,T. OVER
 28-06-26,05:28:00,Ch6,T. OVER
 28-06-26,05:29:00,Ch6,T. OVER
 28-06-26,05:30:00,Ch6,T. OVER
 28-06-26,05:31:00,Ch6,T. OVER
 28-06-26,05:32:01,Ch6,T. OVER
 28-06-26,05:33:01,Ch6,T. OVER
 28-06-26,05:34:01,Ch6,T. OVER
 28-06-26,05:35:01,Ch6,T. OVER
 28-06-26,05:36:01,Ch6,T. OVER
 28-06-26,05:37:01,Ch6,T. OVER
 28-06-26,05:38:01,Ch6,T. OVER
 28-06-26,05:39:01,Ch6,T. OVER
 28-06-26,05:40:01,Ch6,T. OVER
 28-06-26,05:41:01,Ch6,T. OVER
 28-06-26,05:42:01,Ch6,T. OVER
 28-06-26,05:43:02,Ch6,T. OVER
 28-06-26,05:44:02,Ch6,T. OVER
 28-06-26,05:45:02,Ch6,T. OVER
 28-06-26,05:46:02,Ch6,T. OVER
 28-06-26,05:47:02,Ch6,T. OVER
 28-06-26,05:48:02,Ch6,T. OVER
 28-06-26,05:49:02,Ch6,T. OVER
 28-06-26,05:50:02,Ch6,T. OVER
 28-06-26,05:51:02,Ch6,T. OVER
 28-06-26,05:52:02,Ch6,T. OVER
 28-06-26,05:53:02,Ch6,T. OVER
 28-06-26,05:54:03,Ch6,T. OVER
 28-06-26,05:55:03,Ch6,T. OVER
 28-06-26,05:56:03,Ch6,T. OVER
 28-06-26,05:57:03,Ch6,T. OVER
 28-06-26,05:58:03,Ch6,T. OVER
 28-06-26,05:59:03,Ch6,T. OVER
 28-06-26,06:00:03,Ch6,T. OVER
 28-06-26,06:01:03,Ch6,T. OVER
 28-06-26,06:02:03,Ch6,T. OVER
 28-06-26,06:03:03,Ch6,T. OVER
 28-06-26,06:04:03,Ch6,T. OVER
 28-06-26,06:05:04,Ch6,T. OVER
 28-06-26,06:06:04,Ch6,T. OVER
 28-06-26,06:07:04,Ch6,T. OVER
 28-06-26,06:08:04,Ch6,T. OVER
 28-06-26,06:09:04,Ch6,T. OVER
 28-06-26,06:10:04,Ch6,T. OVER
 28-06-26,06:11:04,Ch6,T. OVER
 28-06-26,06:12:04,Ch6,T. OVER
 28-06-26,06:13:04,Ch6,T. OVER
 28-06-26,06:14:04,Ch6,T. OVER
 28-06-26,06:15:04,Ch6,T. OVER
 28-06-26,06:16:05,Ch6,T. OVER
 28-06-26,06:17:05,Ch6,T. OVER
 28-06-26,06:18:05,Ch6,T. OVER
 28-06-26,06:19:05,Ch6,T. OVER
 28-06-26,06:20:05,Ch6,T. OVER
 28-06-26,06:21:05,Ch6,T. OVER
 28-06-26,06:22:05,Ch6,T. OVER
 28-06-26,06:23:05,Ch6,T. OVER
 28-06-26,06:24:05,Ch6,T. OVER
 28-06-26,06:25:05,Ch6,T. OVER
 28-06-26,06:26:05,Ch6,T. OVER
 28-06-26,06:27:05,Ch6,T. OVER
 28-06-26,06:28:05,Ch6,T. OVER
 28-06-26,06:29:06,Ch6,T. OVER
 28-06-26,06:30:06,Ch6,T. OVER
 28-06-26,06:31:06,Ch6,T. OVER
 28-06-26,06:32:06,Ch6,T. OVER
 28-06-26,06:33:06,Ch6,T. OVER
 28-06-26,06:34:06,Ch6,T. OVER
 28-06-26,06:35:06,Ch6,T. OVER
 28-06-26,06:36:06,Ch6,T. OVER
 28-06-26,06:37:06,Ch6,T. OVER
 28-06-26,06:38:06,Ch6,T. OVER
 28-06-26,06:39:06,Ch6,T. OVER
 28-06-26,06:40:06,Ch6,T. OVER
 28-06-26,06:41:06,Ch6,T. OVER
 28-06-26,06:42:07,Ch6,T. OVER
 28-06-26,06:43:07,Ch6,T. OVER
 28-06-26,06:44:07,Ch6,T. OVER
 28-06-26,06:45:07,Ch6,T. OVER
 28-06-26,06:46:07,Ch6,T. OVER
 28-06-26,06:47:07,Ch6,T. OVER
 28-06-26,06:48:07,Ch6,T. OVER
 28-06-26,06:49:07,Ch6,T. OVER
 28-06-26,06:50:07,Ch6,T. OVER
 28-06-26,06:51:07,Ch6,T. OVER
 28-06-26,06:52:07,Ch6,T. OVER
 28-06-26,06:53:07,Ch6,T. OVER
 28-06-26,06:54:08,Ch6,T. OVER
 28-06-26,06:55:08,Ch6,T. OVER
 28-06-26,06:56:08,Ch6,T. OVER
 28-06-26,06:57:08,Ch6,T. OVER
 28-06-26,06:58:08,Ch6,T. OVER
 28-06-26,06:59:08,Ch6,T. OVER
 28-06-26,07:00:08,Ch6,T. OVER
 28-06-26,07:01:09,Ch6,T. OVER
 28-06-26,07:02:09,Ch6,T. OVER
 28-06-26,07:03:09,Ch6,T. OVER
 28-06-26,07:04:09,Ch6,T. OVER
 28-06-26,07:05:09,Ch6,T. OVER
 28-06-26,07:06:09,Ch6,T. OVER
 28-06-26,07:07:09,Ch6,T. OVER
 28-06-26,07:08:09,Ch6,T. OVER
 28-06-26,07:09:09,Ch6,T. OVER
 28-06-26,07:10:09,Ch6,T. OVER
 28-06-26,07:11:09,Ch6,T. OVER
 28-06-26,07:12:09,Ch6,T. OVER
 28-06-26,07:13:10,Ch6,T. OVER
 28-06-26,07:14:10,Ch6,T. OVER
 28-06-26,07:15:10,Ch6,T. OVER
 28-06-26,07:16:10,Ch6,T. OVER
 28-06-26,07:17:10,Ch6,T. OVER
 28-06-26,07:18:10,Ch6,T. OVER
 28-06-26,07:19:10,Ch6,T. OVER
 28-06-26,07:20:10,Ch6,T. OVER
 28-06-26,07:21:10,Ch6,T. OVER
 28-06-26,07:22:10,Ch6,T. OVER
 28-06-26,07:23:10,Ch6,T. OVER
 28-06-26,07:24:10,Ch6,T. OVER
 28-06-26,07:25:10,Ch6,T. OVER
 28-06-26,07:26:10,Ch6,T. OVER
 28-06-26,07:27:10,Ch5,T. OVER 28-06-26,07:27:10,Ch6,T. OVER
 28-06-26,07:28:11,Ch5,T. OVER 28-06-26,07:28:11,Ch6,T. OVER
 28-06-26,07:29:11,Ch6,T. OVER
 28-06-26,07:30:11,Ch6,T. OVER
 28-06-26,07:31:11,Ch6,T. OVER
 28-06-26,07:32:11,Ch6,T. OVER
 28-06-26,07:33:11,Ch6,T. OVER
 28-06-26,07:34:11,Ch6,T. OVER
 28-06-26,07:35:11,Ch6,T. OVER
 28-06-26,07:36:11,Ch6,T. OVER
 28-06-26,07:37:11,Ch6,T. OVER
 28-06-26,07:38:11,Ch6,T. OVER
 28-06-26,07:39:11,Ch6,T. OVER
 28-06-26,07:40:12,Ch6,T. OVER
 28-06-26,07:41:12,Ch6,T. OVER
 28-06-26,07:42:12,Ch6,T. OVER
 28-06-26,07:43:12,Ch6,T. OVER
 28-06-26,07:44:12,Ch6,T. OVER
 28-06-26,07:45:12,Ch6,T. OVER
 28-06-26,07:46:12,Ch6,T. OVER
 28-06-26,07:47:12,Ch6,T. OVER
 28-06-26,07:48:13,Ch6,T. OVER
 28-06-26,07:49:13,Ch6,T. OVER
 28-06-26,07:50:13,Ch6,T. OVER
 28-06-26,07:51:13,Ch6,T. OVER
 28-06-26,07:52:13,Ch6,T. OVER
 28-06-26,07:53:13,Ch6,T. OVER
 28-06-26,07:54:13,Ch6,T. OVER
 28-06-26,07:55:13,Ch6,T. OVER
 28-06-26,07:56:13,Ch6,T. OVER
 28-06-26,07:57:13,Ch6,T. OVER
 28-06-26,07:58:13,Ch6,T. OVER
 28-06-26,07:59:13,Ch6,T. OVER
 28-06-26,08:00:14,Ch6,T. OVER
 28-06-26,08:01:14,Ch6,T. OVER
 28-06-26,08:02:14,Ch6,T. OVER
 28-06-26,08:03:14,Ch6,T. OVER
 28-06-26,08:04:14,Ch6,T. OVER
 28-06-26,08:05:14,Ch6,T. OVER
 28-06-26,08:06:14,Ch6,T. OVER
 28-06-26,08:07:14,Ch6,T. OVER
 28-06-26,08:08:14,Ch6,T. OVER
 28-06-26,08:09:14,Ch6,T. OVER
 28-06-26,08:10:14,Ch6,T. OVER
 28-06-26,08:11:14,Ch6,T. OVER
 28-06-26,08:12:14,Ch6,T. OVER
 28-06-26,08:13:14,Ch6,T. OVER
 28-06-26,08:14:14,Ch6,T. OVER
 28-06-26,08:15:15,Ch6,T. OVER
 28-06-26,08:16:15,Ch6,T. OVER
 28-06-26,08:17:15,Ch6,T. OVER
 28-06-26,08:18:15,Ch6,T. OVER
 28-06-26,08:19:15,Ch6,T. OVER
 28-06-26,08:20:15,Ch6,T. OVER
 28-06-26,08:21:15,Ch6,T. OVER
 28-06-26,08:22:15,Ch6,T. OVER
 28-06-26,08:23:15,Ch6,T. OVER
 28-06-26,08:24:15,Ch6,T. OVER
 28-06-26,08:25:15,Ch6,T. OVER
 28-06-26,08:26:16,Ch6,T. OVER
 28-06-26,08:27:16,Ch6,T. OVER
 28-06-26,08:28:16,Ch6,T. OVER
 28-06-26,08:29:16,Ch6,T. OVER
 28-06-26,08:30:16,Ch6,T. OVER
 28-06-26,08:31:16,Ch6,T. OVER
 28-06-26,08:32:16,Ch6,T. OVER
 28-06-26,08:33:16,Ch6,T. OVER
 28-06-26,08:34:16,Ch6,T. OVER
 28-06-26,08:35:16,Ch6,T. OVER
 28-06-26,08:36:16,Ch6,T. OVER
 28-06-26,08:37:17,Ch6,T. OVER
 28-06-26,08:38:17,Ch6,T. OVER
 28-06-26,08:39:17,Ch6,T. OVER
 28-06-26,08:40:17,Ch6,T. OVER
 28-06-26,08:41:17,Ch6,T. OVER
 28-06-26,08:42:17,Ch6,T. OVER
 28-06-26,08:43:17,Ch6,T. OVER
 28-06-26,08:44:17,Ch6,T. OVER
 28-06-26,08:45:17,Ch6,T. OVER
 28-06-26,08:46:17,Ch6,T. OVER
 28-06-26,08:47:17,Ch6,T. OVER
 28-06-26,08:48:18,Ch6,T. OVER
 28-06-26,08:49:18,Ch6,T. OVER
 28-06-26,08:50:18,Ch6,T. OVER
 28-06-26,08:51:18,Ch6,T. OVER
 28-06-26,08:52:18,Ch6,T. OVER
 28-06-26,08:53:18,Ch6,T. OVER
 28-06-26,08:54:18,Ch6,T. OVER
 28-06-26,08:55:18,Ch6,T. OVER
 28-06-26,08:56:18,Ch6,T. OVER
 28-06-26,08:57:18,Ch6,T. OVER
 28-06-26,08:58:18,Ch6,T. OVER
 28-06-26,08:59:18,Ch6,T. OVER
 28-06-26,09:00:19,Ch6,T. OVER
 28-06-26,09:01:19,Ch6,T. OVER
 28-06-26,09:02:19,Ch6,T. OVER
 28-06-26,09:03:19,Ch6,T. OVER
 28-06-26,09:04:19,Ch6,T. OVER
 28-06-26,09:05:19,Ch6,T. OVER
 28-06-26,09:06:19,Ch6,T. OVER
 28-06-26,09:07:19,Ch6,T. OVER
 28-06-26,09:08:19,Ch6,T. OVER
 28-06-26,09:09:19,Ch6,T. OVER
 28-06-26,09:10:20,Ch6,T. OVER
 28-06-26,09:11:20,Ch6,T. OVER
 28-06-26,09:12:20,Ch6,T. OVER
 28-06-26,09:13:20,Ch6,T. OVER
 28-06-26,09:14:20,Ch6,T. OVER
 28-06-26,09:15:20,Ch6,T. OVER
 28-06-26,09:16:20,Ch6,T. OVER
 28-06-26,09:17:20,Ch6,T. OVER
 28-06-26,09:18:20,Ch6,T. OVER
 28-06-26,09:19:20,Ch6,T. OVER
 28-06-26,09:20:20,Ch6,T. OVER
 28-06-26,09:21:20,Ch6,T. OVER
 28-06-26,09:22:21,Ch6,T. OVER
 28-06-26,09:23:21,Ch6,T. OVER
 28-06-26,09:24:21,Ch6,T. OVER
 28-06-26,09:25:21,Ch6,T. OVER
 28-06-26,09:26:21,Ch6,T. OVER
 28-06-26,09:27:21,Ch6,T. OVER
 28-06-26,09:28:21,Ch6,T. OVER
 28-06-26,09:29:21,Ch6,T. OVER
 28-06-26,09:30:21,Ch6,T. OVER
 28-06-26,09:31:21,Ch6,T. OVER
 28-06-26,09:32:21,Ch6,T. OVER
 28-06-26,09:33:21,Ch6,T. OVER
 28-06-26,09:34:21,Ch6,T. OVER
 28-06-26,09:35:21,Ch6,T. OVER
 28-06-26,09:36:22,Ch6,T. OVER
 28-06-26,09:37:22,Ch6,T. OVER
 28-06-26,09:38:22,Ch6,T. OVER
 28-06-26,09:39:22,Ch6,T. OVER
 28-06-26,09:40:22,Ch6,T. OVER
 28-06-26,09:41:22,Ch6,T. OVER
 28-06-26,09:42:22,Ch6,T. OVER
 28-06-26,09:43:22,Ch6,T. OVER
 28-06-26,09:44:22,Ch6,T. OVER
 28-06-26,09:45:22,Ch6,T. OVER
 28-06-26,09:46:22,Ch6,T. OVER
 28-06-26,09:47:22,Ch6,T. OVER
 28-06-26,09:48:22,Ch6,T. OVER
 28-06-26,09:49:22,Ch6,T. OVER
 28-06-26,09:50:23,Ch6,T. OVER
 28-06-26,09:51:23,Ch6,T. OVER
 28-06-26,09:52:23,Ch6,T. OVER
 28-06-26,09:53:23,Ch6,T. OVER
 28-06-26,09:54:23,Ch6,T. OVER
 28-06-26,09:55:23,Ch6,T. OVER
 28-06-26,09:56:23,Ch6,T. OVER
 28-06-26,09:57:23,Ch6,T. OVER
 28-06-26,09:58:23,Ch6,T. OVER
 28-06-26,09:59:23,Ch6,T. OVER
 28-06-26,10:00:23,Ch6,T. OVER
 28-06-26,10:01:24,Ch6,T. OVER
 28-06-26,10:02:24,Ch6,T. OVER
 28-06-26,10:03:24,Ch6,T. OVER
 28-06-26,10:04:24,Ch6,T. OVER
 28-06-26,10:05:24,Ch6,T. OVER
 28-06-26,10:06:24,Ch6,T. OVER
 28-06-26,10:07:24,Ch6,T. OVER
 28-06-26,10:08:24,Ch6,T. OVER
 28-06-26,10:09:24,Ch6,T. OVER
 28-06-26,10:10:24,Ch6,T. OVER
 28-06-26,10:11:24,Ch6,T. OVER
 28-06-26,10:12:24,Ch6,T. OVER
 28-06-26,10:13:25,Ch6,T. OVER
 28-06-26,10:14:25,Ch6,T. OVER
 28-06-26,10:15:25,Ch6,T. OVER
 28-06-26,10:16:25,Ch6,T. OVER
 28-06-26,10:17:25,Ch6,T. OVER
 28-06-26,10:18:25,Ch6,T. OVER
 28-06-26,10:19:25,Ch6,T. OVER
 28-06-26,10:20:25,Ch6,T. OVER
 28-06-26,10:21:25,Ch6,T. OVER
 28-06-26,10:22:25,Ch6,T. OVER
 28-06-26,10:23:25,Ch6,T. OVER
 28-06-26,10:24:26,Ch6,T. OVER
 28-06-26,10:25:26,Ch6,T. OVER
 28-06-26,10:26:26,Ch6,T. OVER
 28-06-26,10:27:26,Ch6,T. OVER
 28-06-26,10:28:26,Ch6,T. OVER
 28-06-26,10:29:26,Ch6,T. OVER
 28-06-26,10:30:26,Ch6,T. OVER
 28-06-26,10:31:26,Ch6,T. OVER
 28-06-26,10:32:26,Ch6,T. OVER
 28-06-26,10:33:27,Ch6,T. OVER
 28-06-26,10:34:27,Ch6,T. OVER
 28-06-26,10:35:27,Ch6,T. OVER
 28-06-26,10:36:27,Ch6,T. OVER
 28-06-26,10:37:27,Ch6,T. OVER
 28-06-26,10:38:27,Ch6,T. OVER
 28-06-26,10:39:27,Ch6,T. OVER
 28-06-26,10:40:27,Ch6,T. OVER
 28-06-26,10:41:27,Ch6,T. OVER
 28-06-26,10:42:27,Ch6,T. OVER
 28-06-26,10:43:27,Ch6,T. OVER
 28-06-26,10:44:27,Ch6,T. OVER
 28-06-26,10:45:27,Ch6,T. OVER
 28-06-26,10:46:28,Ch6,T. OVER
 28-06-26,10:47:28,Ch6,T. OVER
 28-06-26,10:48:28,Ch6,T. OVER
 28-06-26,10:49:28,Ch6,T. OVER
 28-06-26,10:50:28,Ch6,T. OVER
 28-06-26,10:51:28,Ch6,T. OVER
 28-06-26,10:52:28,Ch6,T. OVER
 28-06-26,10:53:28,Ch6,T. OVER
 28-06-26,10:54:28,Ch6,T. OVER
 28-06-26,10:55:28,Ch6,T. OVER
 28-06-26,10:56:28,Ch6,T. OVER
 28-06-26,10:57:28,Ch6,T. OVER
 28-06-26,10:58:28,Ch6,T. OVER
 28-06-26,10:59:28,Ch6,T. OVER
 28-06-26,11:00:29,Ch6,T. OVER
 28-06-26,11:01:29,Ch6,T. OVER
 28-06-26,11:02:29,Ch6,T. OVER
 28-06-26,11:03:29,Ch6,T. OVER
 28-06-26,11:04:29,Ch6,T. OVER
 28-06-26,11:05:29,Ch6,T. OVER
 28-06-26,11:06:29,Ch6,T. OVER
 28-06-26,11:07:29,Ch6,T. OVER
 28-06-26,11:08:29,Ch6,T. OVER
 28-06-26,11:09:29,Ch6,T. OVER
 28-06-26,11:10:30,Ch6,T. OVER
 28-06-26,11:11:30,Ch6,T. OVER
 28-06-26,11:12:30,Ch6,T. OVER
 28-06-26,11:13:30,Ch6,T. OVER
 28-06-26,11:14:30,Ch6,T. OVER
 28-06-26,11:15:30,Ch6,T. OVER
 28-06-26,11:16:30,Ch6,T. OVER
 28-06-26,11:17:30,Ch6,T. OVER
 28-06-26,11:18:30,Ch6,T. OVER
 28-06-26,11:19:30,Ch6,T. OVER
 28-06-26,11:20:30,Ch6,T. OVER
 28-06-26,11:21:30,Ch6,T. OVER
 28-06-26,11:22:30,Ch6,T. OVER
 28-06-26,11:23:30,Ch6,T. OVER
 28-06-26,11:24:30,Ch6,T. OVER
 28-06-26,11:25:31,Ch6,T. OVER
 28-06-26,11:26:31,Ch6,T. OVER
 28-06-26,11:27:31,Ch6,T. OVER
 28-06-26,11:28:31,Ch6,T. OVER
 28-06-26,11:29:31,Ch6,T. OVER
 28-06-26,11:30:31,Ch6,T. OVER
 28-06-26,11:31:31,Ch6,T. OVER
 28-06-26,11:32:31,Ch6,T. OVER
 28-06-26,11:33:31,Ch6,T. OVER
 28-06-26,11:34:31,Ch6,T. OVER
 28-06-26,11:35:31,Ch6,T. OVER
 28-06-26,11:36:31,Ch6,T. OVER
 28-06-26,11:37:32,Ch6,T. OVER
 28-06-26,11:38:32,Ch6,T. OVER
 28-06-26,11:39:32,Ch6,T. OVER
 28-06-26,11:40:32,Ch6,T. OVER
 28-06-26,11:41:32,Ch6,T. OVER
 28-06-26,11:42:32,Ch6,T. OVER
 28-06-26,11:43:32,Ch6,T. OVER
 28-06-26,11:44:32,Ch6,T. OVER
 28-06-26,11:45:32,Ch6,T. OVER
 28-06-26,11:46:32,Ch6,T. OVER
 28-06-26,11:47:32,Ch6,T. OVER
 28-06-26,11:48:33,Ch6,T. OVER
 28-06-26,11:49:33,Ch6,T. OVER
 28-06-26,11:50:33,Ch6,T. OVER
 28-06-26,11:51:33,Ch6,T. OVER
 28-06-26,11:52:33,Ch6,T. OVER
 28-06-26,11:53:33,Ch6,T. OVER
 28-06-26,11:54:33,Ch6,T. OVER
 28-06-26,11:55:33,Ch6,T. OVER
 28-06-26,11:56:33,Ch6,T. OVER
 28-06-26,11:57:33,Ch6,T. OVER
 28-06-26,11:58:33,Ch6,T. OVER
 28-06-26,11:59:33,Ch6,T. OVER
 28-06-26,12:00:33,Ch6,T. OVER
 28-06-26,12:01:33,Ch6,T. OVER
 28-06-26,12:02:34,Ch6,T. OVER
 28-06-26,12:03:34,Ch6,T. OVER
 28-06-26,12:04:34,Ch6,T. OVER
 28-06-26,12:05:34,Ch6,T. OVER
 28-06-26,12:06:34,Ch6,T. OVER
 28-06-26,12:07:34,Ch6,T. OVER
 28-06-26,12:08:34,Ch6,T. OVER
 28-06-26,12:09:34,Ch6,T. OVER
 28-06-26,12:10:34,Ch6,T. OVER
 28-06-26,12:11:34,Ch6,T. OVER
 28-06-26,12:12:35,Ch6,T. OVER
 28-06-26,12:13:35,Ch6,T. OVER
 28-06-26,12:14:35,Ch6,T. OVER
 28-06-26,12:15:35,Ch6,T. OVER
 28-06-26,12:16:35,Ch6,T. OVER
 28-06-26,12:17:35,Ch6,T. OVER
 28-06-26,12:18:35,Ch6,T. OVER
 28-06-26,12:19:35,Ch6,T. OVER
 28-06-26,12:20:35,Ch6,T. OVER
 28-06-26,12:21:35,Ch6,T. OVER
 28-06-26,12:22:36,Ch6,T. OVER
 28-06-26,12:23:36,Ch6,T. OVER
 28-06-26,12:24:36,Ch6,T. OVER
 28-06-26,12:25:36,Ch6,T. OVER
 28-06-26,12:26:36,Ch6,T. OVER
 28-06-26,12:27:36,Ch6,T. OVER
 28-06-26,12:28:36,Ch6,T. OVER
 28-06-26,12:29:36,Ch6,T. OVER
 28-06-26,12:30:36,Ch6,T. OVER
 28-06-26,12:31:36,Ch6,T. OVER
 28-06-26,12:32:36,Ch6,T. OVER
 28-06-26,12:33:36,Ch6,T. OVER
 28-06-26,12:34:36,Ch6,T. OVER
 28-06-26,12:35:36,Ch6,T. OVER
 28-06-26,12:36:36,Ch6,T. OVER
 28-06-26,12:37:36,Ch6,T. OVER
 28-06-26,12:38:37,Ch6,T. OVER
 28-06-26,12:39:37,Ch6,T. OVER
 28-06-26,12:40:37,Ch6,T. OVER
 28-06-26,12:41:37,Ch6,T. OVER
 28-06-26,12:42:37,Ch6,T. OVER
 28-06-26,12:43:37,Ch6,T. OVER
 28-06-26,12:44:37,Ch6,T. OVER
 28-06-26,12:45:37,Ch6,T. OVER
 28-06-26,12:46:37,Ch6,T. OVER
 28-06-26,12:47:37,Ch6,T. OVER
 28-06-26,12:48:37,Ch6,T. OVER
 28-06-26,12:49:38,Ch6,T. OVER
 28-06-26,12:50:38,Ch6,T. OVER
 28-06-26,12:51:38,Ch6,T. OVER
 28-06-26,12:52:38,Ch6,T. OVER
 28-06-26,12:53:38,Ch6,T. OVER
 28-06-26,12:54:38,Ch6,T. OVER
 28-06-26,12:55:38,Ch6,T. OVER
 28-06-26,12:56:38,Ch6,T. OVER
 28-06-26,12:57:38,Ch6,T. OVER
 28-06-26,12:58:38,Ch6,T. OVER
 28-06-26,12:59:39,Ch6,T. OVER
 28-06-26,13:00:39,Ch6,T. OVER
 28-06-26,13:01:39,Ch6,T. OVER
 28-06-26,13:02:39,Ch6,T. OVER
 28-06-26,13:03:39,Ch6,T. OVER
 28-06-26,13:04:39,Ch6,T. OVER
 28-06-26,13:05:39,Ch6,T. OVER
 28-06-26,13:06:39,Ch6,T. OVER
 28-06-26,13:07:40,Ch6,T. OVER
 28-06-26,13:08:40,Ch6,T. OVER
 28-06-26,13:09:40,Ch6,T. OVER
 28-06-26,13:10:40,Ch6,T. OVER
 28-06-26,13:11:40,Ch6,T. OVER
 28-06-26,13:12:40,Ch6,T. OVER
 28-06-26,13:13:40,Ch6,T. OVER
 28-06-26,13:14:40,Ch6,T. OVER
 28-06-26,13:15:40,Ch6,T. OVER
 28-06-26,13:16:40,Ch6,T. OVER
 28-06-26,13:17:40,Ch6,T. OVER
 28-06-26,13:18:40,Ch6,T. OVER
 28-06-26,13:19:41,Ch6,T. OVER
 28-06-26,13:20:41,Ch6,T. OVER
 28-06-26,13:21:41,Ch6,T. OVER
 28-06-26,13:22:41,Ch6,T. OVER
 28-06-26,13:23:41,Ch6,T. OVER
 28-06-26,13:24:41,Ch6,T. OVER
 28-06-26,13:25:41,Ch6,T. OVER
 28-06-26,13:26:41,Ch6,T. OVER
 28-06-26,13:27:41,Ch6,T. OVER
 28-06-26,13:28:41,Ch6,T. OVER
 28-06-26,13:29:41,Ch6,T. OVER
 28-06-26,13:30:41,Ch6,T. OVER
 28-06-26,13:31:41,Ch6,T. OVER
 28-06-26,13:32:41,Ch6,T. OVER
 28-06-26,13:33:41,Ch6,T. OVER
 28-06-26,13:34:42,Ch6,T. OVER
 28-06-26,13:35:42,Ch6,T. OVER
 28-06-26,13:36:42,Ch6,T. OVER
 28-06-26,13:37:42,Ch6,T. OVER
 28-06-26,13:38:42,Ch6,T. OVER
 28-06-26,13:39:42,Ch6,T. OVER
 28-06-26,13:40:42,Ch6,T. OVER
 28-06-26,13:41:42,Ch6,T. OVER
 28-06-26,13:42:42,Ch6,T. OVER
 28-06-26,13:43:43,Ch6,T. OVER
 28-06-26,13:44:43,Ch6,T. OVER
 28-06-26,13:45:43,Ch6,T. OVER
 28-06-26,13:46:43,Ch6,T. OVER
 28-06-26,13:47:43,Ch6,T. OVER
 28-06-26,13:48:43,Ch6,T. OVER
 28-06-26,13:49:43,Ch6,T. OVER
 28-06-26,13:50:43,Ch6,T. OVER
 28-06-26,13:51:43,Ch6,T. OVER
 28-06-26,13:52:43,Ch6,T. OVER
 28-06-26,13:53:43,Ch6,T. OVER
 28-06-26,13:54:44,Ch6,T. OVER
 28-06-26,13:55:44,Ch6,T. OVER
 28-06-26,13:56:44,Ch6,T. OVER
 28-06-26,13:57:44,Ch6,T. OVER
 28-06-26,13:58:44,Ch6,T. OVER
 28-06-26,13:59:44,Ch6,T. OVER
 28-06-26,14:00:44,Ch6,T. OVER
 28-06-26,14:01:44,Ch6,T. OVER
 28-06-26,14:02:44,Ch6,T. OVER
 28-06-26,14:03:44,Ch6,T. OVER
 28-06-26,14:04:44,Ch6,T. OVER
 28-06-26,14:05:44,Ch6,T. OVER
 28-06-26,14:06:44,Ch6,T. OVER
 28-06-26,14:07:44,Ch6,T. OVER
 28-06-26,14:08:45,Ch6,T. OVER
 28-06-26,14:09:45,Ch6,T. OVER
 28-06-26,14:10:45,Ch6,T. OVER
 28-06-26,14:11:45,Ch6,T. OVER
 28-06-26,14:12:45,Ch6,T. OVER
 28-06-26,14:13:45,Ch6,T. OVER
 28-06-26,14:14:45,Ch6,T. OVER
 28-06-26,14:15:45,Ch6,T. OVER
 28-06-26,14:16:45,Ch6,T. OVER
 28-06-26,14:17:45,Ch6,T. OVER
 28-06-26,14:18:45,Ch6,T. OVER
 28-06-26,14:19:46,Ch6,T. OVER
 28-06-26,14:20:46,Ch6,T. OVER
 28-06-26,14:21:46,Ch6,T. OVER
 28-06-26,14:22:46,Ch6,T. OVER
 28-06-26,14:23:46,Ch6,T. OVER
 28-06-26,14:24:46,Ch6,T. OVER
 28-06-26,14:25:46,Ch6,T. OVER
 28-06-26,14:26:46,Ch6,T. OVER
 28-06-26,14:27:46,Ch6,T. OVER
 28-06-26,14:28:46,Ch6,T. OVER
 28-06-26,14:29:46,Ch6,T. OVER
 28-06-26,14:30:46,Ch6,T. OVER
 28-06-26,14:31:46,Ch6,T. OVER
 28-06-26,14:32:46,Ch6,T. OVER
 28-06-26,14:33:47,Ch6,T. OVER
 28-06-26,14:34:47,Ch6,T. OVER
 28-06-26,14:35:47,Ch6,T. OVER
 28-06-26,14:36:47,Ch6,T. OVER
 28-06-26,14:37:47,Ch6,T. OVER
 28-06-26,14:38:47,Ch6,T. OVER
 28-06-26,14:39:47,Ch6,T. OVER
 28-06-26,14:40:47,Ch6,T. OVER
 28-06-26,14:41:47,Ch6,T. OVER
 28-06-26,14:42:47,Ch6,T. OVER
 28-06-26,14:43:47,Ch6,T. OVER
 28-06-26,14:44:48,Ch6,T. OVER
 28-06-26,14:45:48,Ch6,T. OVER
 28-06-26,14:46:48,Ch6,T. OVER
 28-06-26,14:47:48,Ch6,T. OVER
 28-06-26,14:48:48,Ch6,T. OVER
 28-06-26,14:49:48,Ch6,T. OVER
 28-06-26,14:50:48,Ch6,T. OVER
 28-06-26,14:51:48,Ch6,T. OVER
 28-06-26,14:52:48,Ch6,T. OVER
 28-06-26,14:53:48,Ch6,T. OVER
 28-06-26,14:54:48,Ch6,T. OVER
 28-06-26,14:55:49,Ch1,T. UNDER 28-06-26,14:55:49,Ch2,T. OVER 28-06-26,14:55:49,Ch5,T. OVER 28-06-26,14:55:49,Ch6,T. OVER
 28-06-26,14:56:49,Ch1,T. UNDER 28-06-26,14:56:49,Ch2,T. OVER 28-06-26,14:56:49,Ch5,T. OVER 28-06-26,14:56:49,Ch6,T. OVER
 28-06-26,14:57:49,Ch6,T. OVER
 28-06-26,14:58:49,Ch6,T. OVER
 28-06-26,14:59:49,Ch6,T. OVER
 28-06-26,15:00:49,Ch6,T. OVER
 28-06-26,15:01:49,Ch6,T. OVER
 28-06-26,15:02:49,Ch6,T. OVER
 28-06-26,15:03:49,Ch6,T. OVER
 28-06-26,15:04:49,Ch6,T. OVER
 28-06-26,15:05:49,Ch6,T. OVER
 28-06-26,15:06:49,Ch6,VCM OVL,VDIF OVL,T. OVER
 28-06-26,15:07:49,Ch6,VCM OVL,VDIF OVL,T. OVER
 28-06-26,15:08:49,Ch6,T. OVER
 28-06-26,15:09:50,Ch6,T. OVER
 28-06-26,15:10:50,Ch6,T. OVER
 28-06-26,15:11:50,Ch6,T. OVER
 28-06-26,15:12:50,Ch6,T. OVER
 28-06-26,15:13:50,Ch6,T. OVER
 28-06-26,15:14:50,Ch6,T. OVER
 28-06-26,15:15:50,Ch6,T. OVER
 28-06-26,15:16:50,Ch6,T. OVER
 28-06-26,15:17:50,Ch6,T. OVER
 28-06-26,15:18:50,Ch6,T. OVER
 28-06-26,15:19:50,Ch6,T. OVER
 28-06-26,15:20:51,Ch6,T. OVER
 28-06-26,15:21:51,Ch6,T. OVER
 28-06-26,15:22:51,Ch6,T. OVER
 28-06-26,15:23:51,Ch6,T. OVER
 28-06-26,15:24:51,Ch6,T. OVER
 28-06-26,15:25:51,Ch6,T. OVER
 28-06-26,15:26:51,Ch6,T. OVER
 28-06-26,15:27:51,Ch6,T. OVER
 28-06-26,15:28:51,Ch6,T. OVER
 28-06-26,15:29:51,Ch6,T. OVER
 28-06-26,15:30:51,Ch6,T. OVER
 28-06-26,15:31:52,Ch6,T. OVER
 28-06-26,15:32:52,Ch6,T. OVER
 28-06-26,15:33:52,Ch6,T. OVER
 28-06-26,15:34:52,Ch6,T. OVER
 28-06-26,15:35:52,Ch6,T. OVER
 28-06-26,15:36:52,Ch6,T. OVER
 28-06-26,15:37:52,Ch6,T. OVER
 28-06-26,15:38:52,Ch6,T. OVER
 28-06-26,15:39:52,Ch6,T. OVER
 28-06-26,15:40:52,Ch6,T. OVER
 28-06-26,15:41:52,Ch6,T. OVER
 28-06-26,15:42:52,Ch6,T. OVER
 28-06-26,15:43:53,Ch6,T. OVER
 28-06-26,15:44:53,Ch6,T. OVER
 28-06-26,15:45:53,Ch6,T. OVER
 28-06-26,15:46:53,Ch6,T. OVER
 28-06-26,15:47:53,Ch6,T. OVER
 28-06-26,15:48:53,Ch6,T. OVER
 28-06-26,15:49:53,Ch6,T. OVER
 28-06-26,15:50:53,Ch6,T. OVER
 28-06-26,15:51:53,Ch6,T. OVER
 28-06-26,15:52:53,Ch6,T. OVER
 28-06-26,15:53:53,Ch6,T. OVER
 28-06-26,15:54:53,Ch6,T. OVER
 28-06-26,15:55:53,Ch6,T. OVER
 28-06-26,15:56:53,Ch6,T. OVER
 28-06-26,15:57:54,Ch6,T. OVER
 28-06-26,15:58:54,Ch6,T. OVER
 28-06-26,15:59:54,Ch6,T. OVER
 28-06-26,16:00:54,Ch6,T. OVER
 28-06-26,16:01:54,Ch6,T. OVER
 28-06-26,16:02:54,Ch6,T. OVER
 28-06-26,16:03:54,Ch6,T. OVER
 28-06-26,16:04:54,Ch6,T. OVER
 28-06-26,16:05:54,Ch6,T. OVER
 28-06-26,16:06:54,Ch6,T. OVER
 28-06-26,16:07:54,Ch6,T. OVER
 28-06-26,16:08:54,Ch6,T. OVER
 28-06-26,16:09:55,Ch6,T. OVER
 28-06-26,16:10:55,Ch6,T. OVER
 28-06-26,16:11:55,Ch6,T. OVER
 28-06-26,16:12:55,Ch6,T. OVER
 28-06-26,16:13:55,Ch6,T. OVER
 28-06-26,16:14:55,Ch6,T. OVER
 28-06-26,16:15:55,Ch6,T. OVER
 28-06-26,16:16:55,Ch6,T. OVER
 28-06-26,16:17:55,Ch6,T. OVER
 28-06-26,16:18:55,Ch6,T. OVER
 28-06-26,16:19:55,Ch6,T. OVER
 28-06-26,16:20:55,Ch6,T. OVER
 28-06-26,16:21:55,Ch6,T. OVER
 28-06-26,16:22:55,Ch6,T. OVER
 28-06-26,16:23:55,Ch6,T. OVER
 28-06-26,16:24:55,Ch6,T. OVER
 28-06-26,16:25:56,Ch6,T. OVER
 28-06-26,16:26:56,Ch6,T. OVER
 28-06-26,16:27:56,Ch6,T. OVER
 28-06-26,16:28:56,Ch6,T. OVER
 28-06-26,16:29:56,Ch6,T. OVER
 28-06-26,16:30:56,Ch6,T. OVER
 28-06-26,16:31:56,Ch6,T. OVER
 28-06-26,16:32:56,Ch6,T. OVER
 28-06-26,16:33:56,Ch6,T. OVER
 28-06-26,16:34:56,Ch6,T. OVER
 28-06-26,16:35:56,Ch6,T. OVER
 28-06-26,16:36:56,Ch6,T. OVER
 28-06-26,16:37:56,Ch6,T. OVER
 28-06-26,16:38:57,Ch6,T. OVER
 28-06-26,16:39:57,Ch6,T. OVER
 28-06-26,16:40:57,Ch6,T. OVER
 28-06-26,16:41:57,Ch6,T. OVER
 28-06-26,16:42:57,Ch6,T. OVER
 28-06-26,16:43:57,Ch6,T. OVER
 28-06-26,16:44:57,Ch6,T. OVER
 28-06-26,16:45:57,Ch6,T. OVER
 28-06-26,16:46:57,Ch6,T. OVER
 28-06-26,16:47:57,Ch6,T. OVER
 28-06-26,16:48:57,Ch6,T. OVER
 28-06-26,16:49:57,Ch6,T. OVER
 28-06-26,16:50:58,Ch6,T. OVER
 28-06-26,16:51:58,Ch6,T. OVER
 28-06-26,16:52:58,Ch6,T. OVER
 28-06-26,16:53:58,Ch6,T. OVER
 28-06-26,16:54:58,Ch6,T. OVER
 28-06-26,16:55:58,Ch6,T. OVER
 28-06-26,16:56:58,Ch6,T. OVER
 28-06-26,16:57:58,Ch6,T. OVER
 28-06-26,16:58:58,Ch6,T. OVER
 28-06-26,16:59:58,Ch6,T. OVER
 28-06-26,17:00:58,Ch6,T. OVER
 28-06-26,17:01:58,Ch6,T. OVER
 28-06-26,17:02:58,Ch6,T. OVER
 28-06-26,17:03:59,Ch6,T. OVER
 28-06-26,17:04:59,Ch6,T. OVER
 28-06-26,17:05:59,Ch6,T. OVER
 28-06-26,17:06:59,Ch6,T. OVER
 28-06-26,17:07:59,Ch6,T. OVER
 28-06-26,17:08:59,Ch6,T. OVER
 28-06-26,17:09:59,Ch6,T. OVER
 28-06-26,17:10:59,Ch6,T. OVER
 28-06-26,17:11:59,Ch6,T. OVER
 28-06-26,17:12:59,Ch6,T. OVER
 28-06-26,17:13:59,Ch6,T. OVER
 28-06-26,17:15:00,Ch6,T. OVER
 28-06-26,17:16:00,Ch6,T. OVER
 28-06-26,17:17:00,Ch6,T. OVER
 28-06-26,17:18:00,Ch6,T. OVER
 28-06-26,17:19:00,Ch6,T. OVER
 28-06-26,17:20:00,Ch6,T. OVER
 28-06-26,17:21:00,Ch6,T. OVER
 28-06-26,17:22:00,Ch6,T. OVER
 28-06-26,17:23:00,Ch6,T. OVER
 28-06-26,17:24:00,Ch6,T. OVER
 28-06-26,17:25:01,Ch6,T. OVER
 28-06-26,17:26:01,Ch6,T. OVER
 28-06-26,17:27:01,Ch6,T. OVER
 28-06-26,17:28:01,Ch6,T. OVER
 28-06-26,17:29:01,Ch6,T. OVER
 28-06-26,17:30:01,Ch6,T. OVER
 28-06-26,17:31:01,Ch6,T. OVER
 28-06-26,17:32:01,Ch6,T. OVER
 28-06-26,17:33:01,Ch6,T. OVER
 28-06-26,17:34:01,Ch6,T. OVER
 28-06-26,17:35:02,Ch6,T. OVER
 28-06-26,17:36:02,Ch6,T. OVER
 28-06-26,17:37:02,Ch6,T. OVER
 28-06-26,17:38:02,Ch6,T. OVER
 28-06-26,17:39:02,Ch6,T. OVER
 28-06-26,17:40:02,Ch6,T. OVER
 28-06-26,17:41:02,Ch6,T. OVER
 28-06-26,17:42:02,Ch6,T. OVER
 28-06-26,17:43:02,Ch6,T. OVER
 28-06-26,17:44:02,Ch6,T. OVER
 28-06-26,17:45:03,Ch6,T. OVER
 28-06-26,17:46:03,Ch6,T. OVER
 28-06-26,17:47:03,Ch6,T. OVER
 28-06-26,17:48:03,Ch6,T. OVER
 28-06-26,17:49:03,Ch6,T. OVER
 28-06-26,17:50:03,Ch6,T. OVER
 28-06-26,17:51:03,Ch6,T. OVER
 28-06-26,17:52:03,Ch6,T. OVER
 28-06-26,17:53:03,Ch6,T. OVER
 28-06-26,17:54:03,Ch6,T. OVER
 28-06-26,17:55:03,Ch6,T. OVER
 28-06-26,17:56:03,Ch6,T. OVER
 28-06-26,17:57:03,Ch6,T. OVER
 28-06-26,17:58:04,Ch6,T. OVER
 28-06-26,17:59:04,Ch6,T. OVER
 28-06-26,18:00:04,Ch6,T. OVER
 28-06-26,18:01:04,Ch6,T. OVER
 28-06-26,18:02:04,Ch6,T. OVER
 28-06-26,18:03:04,Ch6,T. OVER
 28-06-26,18:04:04,Ch6,T. OVER
 28-06-26,18:05:04,Ch6,T. OVER
 28-06-26,18:06:04,Ch6,T. OVER
 28-06-26,18:07:04,Ch6,T. OVER
 28-06-26,18:08:04,Ch6,T. OVER
 28-06-26,18:09:04,Ch6,T. OVER
 28-06-26,18:10:04,Ch6,T. OVER
 28-06-26,18:11:04,Ch6,T. OVER
 28-06-26,18:12:04,Ch6,T. OVER
 28-06-26,18:13:05,Ch6,T. OVER
 28-06-26,18:14:05,Ch6,T. OVER
 28-06-26,18:15:05,Ch6,T. OVER
 28-06-26,18:16:05,Ch6,T. OVER
 28-06-26,18:17:05,Ch6,T. OVER
 28-06-26,18:18:05,Ch6,T. OVER
 28-06-26,18:19:05,Ch6,T. OVER
 28-06-26,18:20:05,Ch6,T. OVER
 28-06-26,18:21:05,Ch6,T. OVER
 28-06-26,18:22:05,Ch6,T. OVER
 28-06-26,18:23:05,Ch6,T. OVER
 28-06-26,18:24:06,Ch6,T. OVER
 28-06-26,18:25:06,Ch6,T. OVER
 28-06-26,18:26:06,Ch6,T. OVER
 28-06-26,18:27:06,Ch6,T. OVER
 28-06-26,18:28:06,Ch6,T. OVER
 28-06-26,18:29:06,Ch6,T. OVER
 28-06-26,18:30:06,Ch6,T. OVER
 28-06-26,18:31:06,Ch6,T. OVER
 28-06-26,18:32:07,Ch6,T. OVER
 28-06-26,18:33:07,Ch6,T. OVER
 28-06-26,18:34:07,Ch6,T. OVER
 28-06-26,18:35:07,Ch6,T. OVER
 28-06-26,18:36:07,Ch6,T. OVER
 28-06-26,18:37:07,Ch6,T. OVER
 28-06-26,18:38:07,Ch6,T. OVER
 28-06-26,18:39:07,Ch6,T. OVER
 28-06-26,18:40:07,Ch6,T. OVER
 28-06-26,18:41:07,Ch6,T. OVER
 28-06-26,18:42:07,Ch6,T. OVER
 28-06-26,18:43:08,Ch6,T. OVER
 28-06-26,18:44:08,Ch6,T. OVER
 28-06-26,18:45:08,Ch6,T. OVER
 28-06-26,18:46:08,Ch6,T. OVER
 28-06-26,18:47:08,Ch6,T. OVER
 28-06-26,18:48:08,Ch6,T. OVER
 28-06-26,18:49:08,Ch6,T. OVER
 28-06-26,18:50:08,Ch6,T. OVER
 28-06-26,18:51:08,Ch6,T. OVER
 28-06-26,18:52:08,Ch6,T. OVER
 28-06-26,18:53:08,Ch6,T. OVER
 28-06-26,18:54:08,Ch6,T. OVER
 28-06-26,18:55:08,Ch6,T. OVER
 28-06-26,18:56:09,Ch6,T. OVER
 28-06-26,18:57:09,Ch6,T. OVER
 28-06-26,18:58:09,Ch6,T. OVER
 28-06-26,18:59:09,Ch6,T. OVER
 28-06-26,19:00:09,Ch6,T. OVER
 28-06-26,19:01:09,Ch6,T. OVER
 28-06-26,19:02:09,Ch6,T. OVER
 28-06-26,19:03:09,Ch6,T. OVER
 28-06-26,19:04:09,Ch6,T. OVER
 28-06-26,19:05:09,Ch6,T. OVER
 28-06-26,19:06:09,Ch6,T. OVER
 28-06-26,19:07:10,Ch6,T. OVER
 28-06-26,19:08:10,Ch6,T. OVER
 28-06-26,19:09:10,Ch6,T. OVER
 28-06-26,19:10:10,Ch6,T. OVER
 28-06-26,19:11:10,Ch6,T. OVER
 28-06-26,19:12:10,Ch6,T. OVER
 28-06-26,19:13:11,Ch6,T. OVER
 28-06-26,19:14:11,Ch6,T. OVER
 28-06-26,19:15:11,Ch6,T. OVER
 28-06-26,19:16:11,Ch6,T. OVER
 28-06-26,19:17:11,Ch6,T. OVER
 28-06-26,19:18:11,Ch6,T. OVER
 28-06-26,19:19:11,Ch6,T. OVER
 28-06-26,19:20:11,Ch6,T. OVER
 28-06-26,19:21:11,Ch6,T. OVER
 28-06-26,19:22:11,Ch6,T. OVER
 28-06-26,19:23:11,Ch6,T. OVER
 28-06-26,19:24:11,Ch6,T. OVER
 28-06-26,19:25:11,Ch6,T. OVER
 28-06-26,19:26:11,Ch6,T. OVER
 28-06-26,19:27:11,Ch6,T. OVER
 28-06-26,19:28:11,Ch6,T. OVER
 28-06-26,19:29:12,Ch6,T. OVER
 28-06-26,19:30:12,Ch6,T. OVER
 28-06-26,19:31:12,Ch6,T. OVER
 28-06-26,19:32:12,Ch6,T. OVER
 28-06-26,19:33:12,Ch6,T. OVER
 28-06-26,19:34:12,Ch6,T. OVER
 28-06-26,19:35:12,Ch6,T. OVER
 28-06-26,19:36:12,Ch6,T. OVER
 28-06-26,19:37:12,Ch6,T. OVER
 28-06-26,19:38:12,Ch6,T. OVER
 28-06-26,19:39:12,Ch6,T. OVER
 28-06-26,19:40:12,Ch6,T. OVER
 28-06-26,19:41:13,Ch6,T. OVER
 28-06-26,19:42:13,Ch6,T. OVER
 28-06-26,19:43:13,Ch6,T. OVER
 28-06-26,19:44:13,Ch6,T. OVER
 28-06-26,19:45:13,Ch6,T. OVER
 28-06-26,19:46:13,Ch6,T. OVER
 28-06-26,19:47:13,Ch6,T. OVER
 28-06-26,19:48:13,Ch6,T. OVER
 28-06-26,19:49:13,Ch6,T. OVER
 28-06-26,19:50:13,Ch6,T. OVER
 28-06-26,19:51:14,Ch6,T. OVER
 28-06-26,19:52:14,Ch6,T. OVER
 28-06-26,19:53:14,Ch6,T. OVER
 28-06-26,19:54:14,Ch6,T. OVER
 28-06-26,19:55:14,Ch6,T. OVER
 28-06-26,19:56:14,Ch6,T. OVER
 28-06-26,19:57:14,Ch6,T. OVER
 28-06-26,19:58:14,Ch6,T. OVER
 28-06-26,19:59:14,Ch6,T. OVER
 28-06-26,20:00:14,Ch6,T. OVER
 28-06-26,20:01:15,Ch6,T. OVER
 28-06-26,20:02:15,Ch6,T. OVER
 28-06-26,20:03:15,Ch6,T. OVER
 28-06-26,20:04:15,Ch6,T. OVER
 28-06-26,20:05:15,Ch6,T. OVER
 28-06-26,20:06:15,Ch6,T. OVER
 28-06-26,20:07:15,Ch6,T. OVER
 28-06-26,20:08:16,Ch6,T. OVER
 28-06-26,20:09:16,Ch6,T. OVER
 28-06-26,20:10:16,Ch6,T. OVER
 28-06-26,20:11:16,Ch6,T. OVER
 28-06-26,20:12:16,Ch6,T. OVER
 28-06-26,20:13:16,Ch6,T. OVER
 28-06-26,20:14:16,Ch6,T. OVER
 28-06-26,20:15:16,Ch6,T. OVER
 28-06-26,20:16:16,Ch6,T. OVER
 28-06-26,20:17:16,Ch6,T. OVER
 28-06-26,20:18:16,Ch6,T. OVER
 28-06-26,20:19:16,Ch6,T. OVER
 28-06-26,20:20:17,Ch6,T. OVER
 28-06-26,20:21:17,Ch6,T. OVER
 28-06-26,20:22:17,Ch6,T. OVER
 28-06-26,20:23:17,Ch6,T. OVER
 28-06-26,20:24:17,Ch6,T. OVER
 28-06-26,20:25:17,Ch6,T. OVER
 28-06-26,20:26:17,Ch6,T. OVER
 28-06-26,20:27:17,Ch6,T. OVER
 28-06-26,20:28:17,Ch6,T. OVER
 28-06-26,20:29:17,Ch6,T. OVER
 28-06-26,20:30:17,Ch6,T. OVER
 28-06-26,20:31:17,Ch6,T. OVER
 28-06-26,20:32:17,Ch6,T. OVER
 28-06-26,20:33:17,Ch6,T. OVER
 28-06-26,20:34:18,Ch6,T. OVER
 28-06-26,20:35:18,Ch6,T. OVER
 28-06-26,20:36:18,Ch6,T. OVER
 28-06-26,20:37:18,Ch6,T. OVER
 28-06-26,20:38:18,Ch6,T. OVER
 28-06-26,20:39:18,Ch6,T. OVER
 28-06-26,20:40:18,Ch6,T. OVER
 28-06-26,20:41:18,Ch6,T. OVER
 28-06-26,20:42:18,Ch6,T. OVER
 28-06-26,20:43:18,Ch6,T. OVER
 28-06-26,20:44:18,Ch6,T. OVER
 28-06-26,20:45:18,Ch6,T. OVER
 28-06-26,20:46:18,Ch6,T. OVER
 28-06-26,20:47:18,Ch6,T. OVER
 28-06-26,20:48:19,Ch6,T. OVER
 28-06-26,20:49:19,Ch6,T. OVER
 28-06-26,20:50:19,Ch6,T. OVER
 28-06-26,20:51:19,Ch6,T. OVER
 28-06-26,20:52:19,Ch6,T. OVER
 28-06-26,20:53:19,Ch6,T. OVER
 28-06-26,20:54:19,Ch6,T. OVER
 28-06-26,20:55:19,Ch6,T. OVER
 28-06-26,20:56:19,Ch6,T. OVER
 28-06-26,20:57:19,Ch6,T. OVER
 28-06-26,20:58:19,Ch6,T. OVER
 28-06-26,20:59:20,Ch6,T. OVER
 28-06-26,21:00:20,Ch6,T. OVER
 28-06-26,21:01:20,Ch6,T. OVER
 28-06-26,21:02:20,Ch6,T. OVER
 28-06-26,21:03:20,Ch6,T. OVER
 28-06-26,21:04:20,Ch6,T. OVER
 28-06-26,21:05:20,Ch6,T. OVER
 28-06-26,21:06:20,Ch6,T. OVER
 28-06-26,21:07:20,Ch6,T. OVER
 28-06-26,21:08:20,Ch6,T. OVER
 28-06-26,21:09:20,Ch6,T. OVER
 28-06-26,21:10:20,Ch6,T. OVER
 28-06-26,21:11:20,Ch6,T. OVER
 28-06-26,21:12:20,Ch6,T. OVER
 28-06-26,21:13:20,Ch6,T. OVER
 28-06-26,21:14:21,Ch6,T. OVER
 28-06-26,21:15:21,Ch6,T. OVER
 28-06-26,21:16:21,Ch6,T. OVER
 28-06-26,21:17:21,Ch6,T. OVER
 28-06-26,21:18:21,Ch6,T. OVER
 28-06-26,21:19:21,Ch6,T. OVER
 28-06-26,21:20:21,Ch6,T. OVER
 28-06-26,21:21:21,Ch6,T. OVER
 28-06-26,21:22:21,Ch6,T. OVER
 28-06-26,21:23:21,Ch6,T. OVER
 28-06-26,21:24:21,Ch6,T. OVER
 28-06-26,21:25:21,Ch6,T. OVER
 28-06-26,21:26:21,Ch6,T. OVER
 28-06-26,21:27:22,Ch6,T. OVER
 28-06-26,21:28:22,Ch6,T. OVER
 28-06-26,21:29:22,Ch6,T. OVER
 28-06-26,21:30:22,Ch6,T. OVER
 28-06-26,21:31:22,Ch6,T. OVER
 28-06-26,21:32:22,Ch6,T. OVER
 28-06-26,21:33:22,Ch6,T. OVER
 28-06-26,21:34:22,Ch6,T. OVER
 28-06-26,21:35:22,Ch6,T. OVER
 28-06-26,21:36:22,Ch6,T. OVER
 28-06-26,21:37:22,Ch6,T. OVER
 28-06-26,21:38:23,Ch6,T. OVER
 28-06-26,21:39:23,Ch6,T. OVER
 28-06-26,21:40:23,Ch6,T. OVER
 28-06-26,21:41:23,Ch6,T. OVER
 28-06-26,21:42:23,Ch6,T. OVER
 28-06-26,21:43:23,Ch6,T. OVER
 28-06-26,21:44:23,Ch6,T. OVER
 28-06-26,21:45:23,Ch6,T. OVER
 28-06-26,21:46:23,Ch6,T. OVER
 28-06-26,21:47:23,Ch6,T. OVER
 28-06-26,21:48:24,Ch6,T. OVER
 28-06-26,21:49:24,Ch6,T. OVER
 28-06-26,21:50:24,Ch6,T. OVER
 28-06-26,21:51:24,Ch6,T. OVER
 28-06-26,21:52:24,Ch6,T. OVER
 28-06-26,21:53:24,Ch6,T. OVER
 28-06-26,21:54:24,Ch6,T. OVER
 28-06-26,21:55:24,Ch6,T. OVER
 28-06-26,21:56:24,Ch6,T. OVER
 28-06-26,21:57:24,Ch6,T. OVER
 28-06-26,21:58:24,Ch6,T. OVER
 28-06-26,21:59:24,Ch6,T. OVER
 28-06-26,22:00:25,Ch6,T. OVER
 28-06-26,22:01:25,Ch6,T. OVER
 28-06-26,22:02:25,Ch6,T. OVER
 28-06-26,22:03:25,Ch6,T. OVER
 28-06-26,22:04:25,Ch6,T. OVER
 28-06-26,22:05:25,Ch6,T. OVER
 28-06-26,22:06:25,Ch6,T. OVER
 28-06-26,22:07:25,Ch6,T. OVER
 28-06-26,22:08:25,Ch6,T. OVER
 28-06-26,22:09:25,Ch6,T. OVER
 28-06-26,22:10:25,Ch6,T. OVER
 28-06-26,22:11:26,Ch6,T. OVER
 28-06-26,22:12:26,Ch6,T. OVER
 28-06-26,22:13:26,Ch6,T. OVER
 28-06-26,22:14:26,Ch6,T. OVER
 28-06-26,22:15:26,Ch6,T. OVER
 28-06-26,22:16:26,Ch6,T. OVER
 28-06-26,22:17:26,Ch6,T. OVER
 28-06-26,22:18:27,Ch6,T. OVER
 28-06-26,22:19:27,Ch6,T. OVER
 28-06-26,22:20:27,Ch6,T. OVER
 28-06-26,22:21:27,Ch6,T. OVER
 28-06-26,22:22:27,Ch6,T. OVER
 28-06-26,22:23:27,Ch6,T. OVER
 28-06-26,22:24:27,Ch6,T. OVER
 28-06-26,22:25:27,Ch6,T. OVER
 28-06-26,22:26:27,Ch6,T. OVER
 28-06-26,22:27:27,Ch6,T. OVER
 28-06-26,22:28:27,Ch6,T. OVER
 28-06-26,22:29:27,Ch6,T. OVER
 28-06-26,22:30:27,Ch6,T. OVER
 28-06-26,22:31:27,Ch6,T. OVER
 28-06-26,22:32:27,Ch6,T. OVER
 28-06-26,22:33:28,Ch6,T. OVER
 28-06-26,22:34:28,Ch6,T. OVER
 28-06-26,22:35:28,Ch6,T. OVER
 28-06-26,22:36:28,Ch6,T. OVER
 28-06-26,22:37:28,Ch6,T. OVER
 28-06-26,22:38:28,Ch6,T. OVER
 28-06-26,22:39:28,Ch6,T. OVER
 28-06-26,22:40:28,Ch6,T. OVER
 28-06-26,22:41:28,Ch6,T. OVER
 28-06-26,22:42:28,Ch6,T. OVER
 28-06-26,22:43:29,Ch6,T. OVER
 28-06-26,22:44:29,Ch6,T. OVER
 28-06-26,22:45:29,Ch6,T. OVER
 28-06-26,22:46:29,Ch6,T. OVER
 28-06-26,22:47:29,Ch6,T. OVER
 28-06-26,22:48:29,Ch6,T. OVER
 28-06-26,22:49:29,Ch6,T. OVER
 28-06-26,22:50:29,Ch6,T. OVER
 28-06-26,22:51:29,Ch6,T. OVER
 28-06-26,22:52:29,Ch6,T. OVER
 28-06-26,22:53:29,Ch6,T. OVER
 28-06-26,22:54:29,Ch6,T. OVER
 28-06-26,22:55:29,Ch6,T. OVER
 28-06-26,22:56:29,Ch6,T. OVER
 28-06-26,22:57:29,Ch6,T. OVER
 28-06-26,22:58:29,Ch6,T. OVER
 28-06-26,22:59:30,Ch6,T. OVER
 28-06-26,23:00:30,Ch6,T. OVER
 28-06-26,23:01:30,Ch6,T. OVER
 28-06-26,23:02:30,Ch6,T. OVER
 28-06-26,23:03:30,Ch6,T. OVER
 28-06-26,23:04:30,Ch6,T. OVER
 28-06-26,23:05:30,Ch6,T. OVER
 28-06-26,23:06:30,Ch6,T. OVER
 28-06-26,23:07:30,Ch6,T. OVER
 28-06-26,23:08:30,Ch6,T. OVER
 28-06-26,23:09:30,Ch6,T. OVER
 28-06-26,23:10:30,Ch6,T. OVER
 28-06-26,23:11:31,Ch6,T. OVER
 28-06-26,23:12:31,Ch6,T. OVER
 28-06-26,23:13:31,Ch6,T. OVER
 28-06-26,23:14:31,Ch6,T. OVER
 28-06-26,23:15:31,Ch6,T. OVER
 28-06-26,23:16:31,Ch6,T. OVER
 28-06-26,23:17:31,Ch6,T. OVER
 28-06-26,23:18:31,Ch6,T. OVER
 28-06-26,23:19:31,Ch6,T. OVER
 28-06-26,23:20:31,Ch6,T. OVER
 28-06-26,23:21:31,Ch6,T. OVER
 28-06-26,23:22:31,Ch6,T. OVER
 28-06-26,23:23:31,Ch6,T. OVER
 28-06-26,23:24:32,Ch6,T. OVER
 28-06-26,23:25:32,Ch6,T. OVER
 28-06-26,23:26:32,Ch6,T. OVER
 28-06-26,23:27:32,Ch6,T. OVER
 28-06-26,23:28:32,Ch6,T. OVER
 28-06-26,23:29:32,Ch6,T. OVER
 28-06-26,23:30:32,Ch6,T. OVER
 28-06-26,23:31:32,Ch6,T. OVER
 28-06-26,23:32:32,Ch6,T. OVER
 28-06-26,23:33:32,Ch6,T. OVER
 28-06-26,23:34:32,Ch6,T. OVER
 28-06-26,23:35:32,Ch6,T. OVER
 28-06-26,23:36:32,Ch6,T. OVER
 28-06-26,23:37:32,Ch6,T. OVER
 28-06-26,23:38:33,Ch6,T. OVER
 28-06-26,23:39:33,Ch6,T. OVER
 28-06-26,23:40:33,Ch6,T. OVER
 28-06-26,23:41:33,Ch6,T. OVER
 28-06-26,23:42:33,Ch6,T. OVER
 28-06-26,23:43:33,Ch6,T. OVER
 28-06-26,23:44:33,Ch6,T. OVER
 28-06-26,23:45:33,Ch6,T. OVER
 28-06-26,23:46:33,Ch6,T. OVER
 28-06-26,23:47:34,Ch6,T. OVER
 28-06-26,23:48:34,Ch6,T. OVER
 28-06-26,23:49:34,Ch6,T. OVER
 28-06-26,23:50:34,Ch6,T. OVER
 28-06-26,23:51:34,Ch6,T. OVER
 28-06-26,23:52:34,Ch6,T. OVER
 28-06-26,23:53:34,Ch6,T. OVER
 28-06-26,23:54:34,Ch6,T. OVER
 28-06-26,23:55:34,Ch6,T. OVER
 28-06-26,23:56:34,Ch6,T. OVER
 28-06-26,23:57:34,Ch6,T. OVER
 28-06-26,23:58:34,Ch6,T. OVER
 28-06-26,23:59:34,Ch6,T. OVER
